This is pdfTeX, Version 3.141592653-2.6-1.40.27 (TeX Live 2026/dev/Arch Linux) (preloaded format=pdflatex 2025.4.24)  24 APR 2025 16:09
entering extended mode
 restricted \write18 enabled.
 %&-line parsing enabled.
**/home/mart/Projects/BSc-CompSci-Thesis/Writeup/Report/refs.tex
(/home/mart/Projects/BSc-CompSci-Thesis/Writeup/Report/refs.tex
LaTeX2e <2024-11-01> patch level 2
L3 programming layer <2025-01-18>
! Undefined control sequence.
l.1 \chapter
            *{Bibliography}
? 
! Emergency stop.
l.1 
    
End of file on the terminal!

 
Here is how much of TeX's memory you used:
 15 strings out of 475171
 511 string characters out of 5767095
 386848 words of memory out of 5000000
 23111 multiletter control sequences out of 15000+600000
 558837 words of font info for 36 fonts, out of 8000000 for 9000
 14 hyphenation exceptions out of 8191
 12i,0n,13p,117b,8s stack positions out of 10000i,1000n,20000p,200000b,200000s
!  ==> Fatal error occurred, no output PDF file produced!
